Using pre-set license
Built from '2021.3/staging' branch; Version is '2021.3.9f1 (ad3870b89536) revision 11352176'; Using compiler version '192829333'; Build Type 'Release'
OS: 'Windows 10  (10.0.19043) 64bit Professional' Language: 'en' Physical Memory: 57288 MB
BatchMode: 1, IsHumanControllingUs: 0, StartBugReporterOnCrash: 0, Is64bit: 1, IsPro: 1

COMMAND LINE ARGUMENTS:
C:\Program Files\Unity\Hub\Editor\2021.3.9f1\Editor\Unity.exe
-adb2
-batchMode
-noUpm
-name
AssetImportWorker0
-projectPath
C:/Users/Dylan/CMPM121-HW1
-logFile
Logs/AssetImportWorker0.log
-srvPort
55964
Successfully changed project path to: C:/Users/Dylan/CMPM121-HW1
C:/Users/Dylan/CMPM121-HW1
[UnityMemory] Configuration Parameters - Can be set up in boot.config
    "memorysetup-bucket-allocator-granularity=16"
    "memorysetup-bucket-allocator-bucket-count=8"
    "memorysetup-bucket-allocator-block-size=33554432"
    "memorysetup-bucket-allocator-block-count=8"
    "memorysetup-main-allocator-block-size=16777216"
    "memorysetup-thread-allocator-block-size=16777216"
    "memorysetup-gfx-main-allocator-block-size=16777216"
    "memorysetup-gfx-thread-allocator-block-size=16777216"
    "memorysetup-cache-allocator-block-size=4194304"
    "memorysetup-typetree-allocator-block-size=2097152"
    "memorysetup-profiler-bucket-allocator-granularity=16"
    "memorysetup-profiler-bucket-allocator-bucket-count=8"
    "memorysetup-profiler-bucket-allocator-block-size=33554432"
    "memorysetup-profiler-bucket-allocator-block-count=8"
    "memorysetup-profiler-allocator-block-size=16777216"
    "memorysetup-profiler-editor-allocator-block-size=1048576"
    "memorysetup-temp-allocator-size-main=16777216"
    "memorysetup-job-temp-allocator-block-size=2097152"
    "memorysetup-job-temp-allocator-block-size-background=1048576"
    "memorysetup-job-temp-allocator-reduction-small-platforms=262144"
    "memorysetup-temp-allocator-size-background-worker=32768"
    "memorysetup-temp-allocator-size-job-worker=262144"
    "memorysetup-temp-allocator-size-preload-manager=33554432"
    "memorysetup-temp-allocator-size-nav-mesh-worker=65536"
    "memorysetup-temp-allocator-size-audio-worker=65536"
    "memorysetup-temp-allocator-size-cloud-worker=32768"
    "memorysetup-temp-allocator-size-gi-baking-worker=262144"
    "memorysetup-temp-allocator-size-gfx=262144"
Refreshing native plugins compatible for Editor in 125.03 ms, found 3 plugins.
Preloading 0 native plugins for Editor in 0.00 ms.
Initialize engine version: 2021.3.9f1 (ad3870b89536)
[Subsystems] Discovering subsystems at path C:/Program Files/Unity/Hub/Editor/2021.3.9f1/Editor/Data/Resources/UnitySubsystems
[Subsystems] Discovering subsystems at path C:/Users/Dylan/CMPM121-HW1/Assets
GfxDevice: creating device client; threaded=0; jobified=0
Direct3D:
    Version:  Direct3D 11.0 [level 11.1]
    Renderer: NVIDIA Quadro RTX 4000 (ID=0x1eb1)
    Vendor:   NVIDIA
    VRAM:     8018 MB
    Driver:   31.0.15.1694
Initialize mono
Mono path[0] = 'C:/Program Files/Unity/Hub/Editor/2021.3.9f1/Editor/Data/Managed'
Mono path[1] = 'C:/Program Files/Unity/Hub/Editor/2021.3.9f1/Editor/Data/MonoBleedingEdge/lib/mono/unityjit-win32'
Mono config path = 'C:/Program Files/Unity/Hub/Editor/2021.3.9f1/Editor/Data/MonoBleedingEdge/etc'
Using monoOptions --debugger-agent=transport=dt_socket,embedding=1,server=y,suspend=n,address=127.0.0.1:56188
Begin MonoManager ReloadAssembly
Registering precompiled unity dll's ...
Register platform support module: C:/Program Files/Unity/Hub/Editor/2021.3.9f1/Editor/Data/PlaybackEngines/WindowsStandaloneSupport/UnityEditor.WindowsStandalone.Extensions.dll
Registered in 0.025798 seconds.
Native extension for WindowsStandalone target not found
Refreshing native plugins compatible for Editor in 115.18 ms, found 3 plugins.
Preloading 0 native plugins for Editor in 0.00 ms.
Mono: successfully reloaded assembly
- Completed reload, in  1.058 seconds
Domain Reload Profiling:
	ReloadAssembly (1058ms)
		BeginReloadAssembly (150ms)
			ExecutionOrderSort (0ms)
			DisableScriptedObjects (0ms)
			BackupInstance (0ms)
			ReleaseScriptingObjects (0ms)
			CreateAndSetChildDomain (1ms)
		EndReloadAssembly (705ms)
			LoadAssemblies (143ms)
			RebuildTransferFunctionScriptingTraits (0ms)
			SetupTypeCache (158ms)
			ReleaseScriptCaches (0ms)
			RebuildScriptCaches (41ms)
			SetupLoadedEditorAssemblies (421ms)
				LogAssemblyErrors (0ms)
				InitializePlatformSupportModulesInManaged (17ms)
				SetLoadedEditorAssemblies (0ms)
				RefreshPlugins (115ms)
				BeforeProcessingInitializeOnLoad (2ms)
				ProcessInitializeOnLoadAttributes (213ms)
				ProcessInitializeOnLoadMethodAttributes (74ms)
				AfterProcessingInitializeOnLoad (0ms)
				EditorAssembliesLoaded (0ms)
			ExecutionOrderSort2 (0ms)
			AwakeInstancesAfterBackupRestoration (0ms)
Platform modules already initialized, skipping
Registering precompiled user dll's ...
Registered in 0.018442 seconds.
Begin MonoManager ReloadAssembly
Symbol file LoadedFromMemory doesn't match image C:\Users\Dylan\CMPM121-HW1\Library\PackageCache\com.unity.visualscripting@1.7.8\Editor\VisualScripting.Core\Dependencies\YamlDotNet\Unity.VisualScripting.YamlDotNet.dll
Symbol file LoadedFromMemory doesn't match image C:\Users\Dylan\CMPM121-HW1\Library\PackageCache\com.unity.visualscripting@1.7.8\Editor\VisualScripting.Core\Dependencies\DotNetZip\Unity.VisualScripting.IonicZip.dll
Native extension for WindowsStandalone target not found
Refreshing native plugins compatible for Editor in 0.74 ms, found 3 plugins.
Preloading 0 native plugins for Editor in 0.00 ms.
Mono: successfully reloaded assembly
- Completed reload, in  1.657 seconds
Domain Reload Profiling:
	ReloadAssembly (1658ms)
		BeginReloadAssembly (212ms)
			ExecutionOrderSort (0ms)
			DisableScriptedObjects (10ms)
			BackupInstance (0ms)
			ReleaseScriptingObjects (0ms)
			CreateAndSetChildDomain (27ms)
		EndReloadAssembly (1248ms)
			LoadAssemblies (168ms)
			RebuildTransferFunctionScriptingTraits (0ms)
			SetupTypeCache (343ms)
			ReleaseScriptCaches (1ms)
			RebuildScriptCaches (102ms)
			SetupLoadedEditorAssemblies (588ms)
				LogAssemblyErrors (0ms)
				InitializePlatformSupportModulesInManaged (12ms)
				SetLoadedEditorAssemblies (1ms)
				RefreshPlugins (1ms)
				BeforeProcessingInitializeOnLoad (143ms)
				ProcessInitializeOnLoadAttributes (359ms)
				ProcessInitializeOnLoadMethodAttributes (44ms)
				AfterProcessingInitializeOnLoad (27ms)
				EditorAssembliesLoaded (0ms)
			ExecutionOrderSort2 (0ms)
			AwakeInstancesAfterBackupRestoration (10ms)
Platform modules already initialized, skipping
========================================================================
Worker process is ready to serve import requests
Launched and connected shader compiler UnityShaderCompiler.exe after 0.06 seconds
Refreshing native plugins compatible for Editor in 0.84 ms, found 3 plugins.
Preloading 0 native plugins for Editor in 0.00 ms.
Unloading 3259 Unused Serialized files (Serialized files now loaded: 0)
Unloading 25 unused Assets / (86.9 KB). Loaded Objects now: 3739.
Memory consumption went from 124.6 MB to 124.5 MB.
Total: 4.490000 ms (FindLiveObjects: 0.361900 ms CreateObjectMapping: 0.187900 ms MarkObjects: 3.780600 ms  DeleteObjects: 0.157600 ms)

AssetImportParameters requested are different than current active one (requested -> active):
  custom:video-decoder-ogg-theora: a1e56fd34408186e4bbccfd4996cb3dc -> 
  custom:container-muxer-webm: aa71ff27fc2769a1b78a27578f13a17b -> 
  custom:container-demuxer-webm: 4f35f7cbe854078d1ac9338744f61a02 -> 
  custom:video-encoder-webm-vp8: eb34c28f22e8b96e1ab97ce403110664 -> 
  custom:audio-encoder-webm-vorbis: bf7c407c2cedff20999df2af8eb42d56 -> 
  custom:framework-win-MediaFoundation: 216162199b28c13a410421893ffa2e32 -> 
  custom:container-demuxer-ogg: 62fdf1f143b41e24485cea50d1cbac27 -> 
  custom:video-decoder-webm-vp8: 9c59270c3fd7afecdb556c50c9e8de78 -> 
  custom:audio-decoder-ogg-vorbis: bf7c407c2cedff20999df2af8eb42d56 -> 
========================================================================
Received Import Request.
  Time since last request: 611832.560769 seconds.
  path: Assets/DogKnight/Scene
  artifactKey: Guid(169044d5b44cadd40949a7ac78a33176) Importer(815301076,1909f56bfc062723c751e8b465ee728b)
Start importing Assets/DogKnight/Scene using Guid(169044d5b44cadd40949a7ac78a33176) Importer(815301076,1909f56bfc062723c751e8b465ee728b)  -> (artifact id: '7931a391e5f5e1b78f079cf60578a39a') in 0.014176 seconds 
========================================================================
Received Import Request.
  Time since last request: 0.000031 seconds.
  path: Assets/DogKnight/promotion.jpg
  artifactKey: Guid(f27d7537e17799e47be587331b9ef52b) Importer(815301076,1909f56bfc062723c751e8b465ee728b)
Start importing Assets/DogKnight/promotion.jpg using Guid(f27d7537e17799e47be587331b9ef52b) Importer(815301076,1909f56bfc062723c751e8b465ee728b)  -> (artifact id: '881e317f7eebb6c5c219a146f0b2aa2b') in 0.119425 seconds 
========================================================================
Received Import Request.
  Time since last request: 8.503592 seconds.
  path: Assets/DogKnight/Animations
  artifactKey: Guid(acc95159d37cb8b49be0ca5f0bdc7fbe) Importer(815301076,1909f56bfc062723c751e8b465ee728b)
Start importing Assets/DogKnight/Animations using Guid(acc95159d37cb8b49be0ca5f0bdc7fbe) Importer(815301076,1909f56bfc062723c751e8b465ee728b)  -> (artifact id: '28a39f0f02e4132fc5f1b3b7863f9448') in 0.004723 seconds 
========================================================================
Received Import Request.
  Time since last request: 0.855147 seconds.
  path: Assets/DogKnight/Animator
  artifactKey: Guid(6bef64b21e5592046bb2b13e7fa806ee) Importer(815301076,1909f56bfc062723c751e8b465ee728b)
Start importing Assets/DogKnight/Animator using Guid(6bef64b21e5592046bb2b13e7fa806ee) Importer(815301076,1909f56bfc062723c751e8b465ee728b)  -> (artifact id: '9a240ad5704963ac87c9f77c9805ae33') in 0.003488 seconds 
========================================================================
Received Import Request.
  Time since last request: 0.814724 seconds.
  path: Assets/DogKnight/Mesh
  artifactKey: Guid(8dd9b69606bd3bd4f84c826ce6874603) Importer(815301076,1909f56bfc062723c751e8b465ee728b)
Start importing Assets/DogKnight/Mesh using Guid(8dd9b69606bd3bd4f84c826ce6874603) Importer(815301076,1909f56bfc062723c751e8b465ee728b)  -> (artifact id: 'e659be3775b8153d5eae0d0225c408fc') in 0.003452 seconds 
========================================================================
Received Import Request.
  Time since last request: 0.570679 seconds.
  path: Assets/DogKnight/Prefab
  artifactKey: Guid(9739c933b2b55f3488427aed995de914) Importer(815301076,1909f56bfc062723c751e8b465ee728b)
Start importing Assets/DogKnight/Prefab using Guid(9739c933b2b55f3488427aed995de914) Importer(815301076,1909f56bfc062723c751e8b465ee728b)  -> (artifact id: '757713efb1ebc3e197e96d53f39be75e') in 0.003801 seconds 
========================================================================
Received Import Request.
  Time since last request: 0.993295 seconds.
  path: Assets/DogKnight/Texture
  artifactKey: Guid(8475906f06c098743a1bb0fb3fcbe0c4) Importer(815301076,1909f56bfc062723c751e8b465ee728b)
Start importing Assets/DogKnight/Texture using Guid(8475906f06c098743a1bb0fb3fcbe0c4) Importer(815301076,1909f56bfc062723c751e8b465ee728b)  -> (artifact id: '896891e152418fe5a72bd0ceb71887f7') in 0.003971 seconds 
========================================================================
Received Import Request.
  Time since last request: 1.943196 seconds.
  path: Assets/DogKnight/Material
  artifactKey: Guid(9728cb8ec5fa99441b90bfbaeab3521c) Importer(815301076,1909f56bfc062723c751e8b465ee728b)
Start importing Assets/DogKnight/Material using Guid(9728cb8ec5fa99441b90bfbaeab3521c) Importer(815301076,1909f56bfc062723c751e8b465ee728b)  -> (artifact id: '435b406daff270b0785dff7eba7eaf26') in 0.003474 seconds 
========================================================================
Received Import Request.
  Time since last request: 14.060392 seconds.
  path: Assets/DogKnight/Mesh/DogPBR.fbx
  artifactKey: Guid(d9a1483b77bf10e4e851678ab6c2e54e) Importer(815301076,1909f56bfc062723c751e8b465ee728b)
Start importing Assets/DogKnight/Mesh/DogPBR.fbx using Guid(d9a1483b77bf10e4e851678ab6c2e54e) Importer(815301076,1909f56bfc062723c751e8b465ee728b)  -> (artifact id: '983b4e0391f18fff82fb8afb97dca5b2') in 0.316350 seconds 
========================================================================
Received Import Request.
  Time since last request: 0.000034 seconds.
  path: Assets/DogKnight/Mesh/Stage.fbx
  artifactKey: Guid(83ccc45f4c0939440a46957a74a54d2c) Importer(815301076,1909f56bfc062723c751e8b465ee728b)
Start importing Assets/DogKnight/Mesh/Stage.fbx using Guid(83ccc45f4c0939440a46957a74a54d2c) Importer(815301076,1909f56bfc062723c751e8b465ee728b)  -> (artifact id: '6eaae28393ef17481747da108c36a401') in 0.031797 seconds 
========================================================================
Received Import Request.
  Time since last request: 0.000042 seconds.
  path: Assets/DogKnight/Mesh/ShieldPolyart.fbx
  artifactKey: Guid(b20cb9cb9197fb64a830cea6c0550d0e) Importer(815301076,1909f56bfc062723c751e8b465ee728b)
Start importing Assets/DogKnight/Mesh/ShieldPolyart.fbx using Guid(b20cb9cb9197fb64a830cea6c0550d0e) Importer(815301076,1909f56bfc062723c751e8b465ee728b)  -> (artifact id: '7a1886c849e97ad27432ade876cb3777') in 0.038613 seconds 
========================================================================
Received Import Request.
  Time since last request: 65.615469 seconds.
  path: ProjectSettings/TagManager.asset
  artifactKey: Guid(00000000000000003000000000000000) Importer(815301076,1909f56bfc062723c751e8b465ee728b)
Start importing ProjectSettings/TagManager.asset using Guid(00000000000000003000000000000000) Importer(815301076,1909f56bfc062723c751e8b465ee728b)  -> (artifact id: '5f74b9f0782f3ffe8a654b2b60a9f33c') in 0.007358 seconds 
========================================================================
Received Import Request.
  Time since last request: 36.907227 seconds.
  path: Assets/DogKnight/Material/PBR.mat
  artifactKey: Guid(da05e49adf02c134f88f541992ee78d2) Importer(815301076,1909f56bfc062723c751e8b465ee728b)
Start importing Assets/DogKnight/Material/PBR.mat using Guid(da05e49adf02c134f88f541992ee78d2) Importer(815301076,1909f56bfc062723c751e8b465ee728b)  -> (artifact id: 'bd5664ab1e2be8aa4ddeebbd334a6634') in 0.440308 seconds 
========================================================================
Received Import Request.
  Time since last request: 49.282555 seconds.
  path: Assets/DogKnight/Texture/Albedo.png
  artifactKey: Guid(3c94236cfdd0fcc4b8fd91e7d12dabec) Importer(815301076,1909f56bfc062723c751e8b465ee728b)
Start importing Assets/DogKnight/Texture/Albedo.png using Guid(3c94236cfdd0fcc4b8fd91e7d12dabec) Importer(815301076,1909f56bfc062723c751e8b465ee728b)  -> (artifact id: '09fc00aa50d901a84c229c60afbe6f41') in 0.029484 seconds 
========================================================================
Received Import Request.
  Time since last request: 0.000039 seconds.
  path: Assets/DogKnight/Texture/MS.png
  artifactKey: Guid(f4da30a223a78034fbc3c563d2a924a7) Importer(815301076,1909f56bfc062723c751e8b465ee728b)
Start importing Assets/DogKnight/Texture/MS.png using Guid(f4da30a223a78034fbc3c563d2a924a7) Importer(815301076,1909f56bfc062723c751e8b465ee728b)  -> (artifact id: 'a43e7c228f1c7e03f498d5acf03c4bc5') in 0.023352 seconds 
========================================================================
Received Import Request.
  Time since last request: 0.000033 seconds.
  path: Assets/DogKnight/Texture/StandardAlbedo.png
  artifactKey: Guid(5b981358eaa6be84dbe67e39c78e448b) Importer(815301076,1909f56bfc062723c751e8b465ee728b)
Start importing Assets/DogKnight/Texture/StandardAlbedo.png using Guid(5b981358eaa6be84dbe67e39c78e448b) Importer(815301076,1909f56bfc062723c751e8b465ee728b)  -> (artifact id: 'e394e126f8dee318e6b65e8040bcbea4') in 0.016118 seconds 
========================================================================
Received Import Request.
  Time since last request: 100.996309 seconds.
  path: Assets/Tree_Textures/diffuse.png
  artifactKey: Guid(7bc3c883efc2731488005d2d39a2741b) Importer(815301076,1909f56bfc062723c751e8b465ee728b)
Start importing Assets/Tree_Textures/diffuse.png using Guid(7bc3c883efc2731488005d2d39a2741b) Importer(815301076,1909f56bfc062723c751e8b465ee728b)  -> (artifact id: '70a660b635454eb44493ce3d6f37ddd1') in 0.017695 seconds 
========================================================================
Received Import Request.
  Time since last request: 0.000036 seconds.
  path: Assets/Tree_Textures/translucency_gloss.png
  artifactKey: Guid(6f89537a7a0e2d546b7dc5085d0ba5f9) Importer(815301076,1909f56bfc062723c751e8b465ee728b)
Start importing Assets/Tree_Textures/translucency_gloss.png using Guid(6f89537a7a0e2d546b7dc5085d0ba5f9) Importer(815301076,1909f56bfc062723c751e8b465ee728b)  -> (artifact id: 'bd822231d3d6f45a5195423ff8139e51') in 0.014673 seconds 
========================================================================
Received Import Request.
  Time since last request: 8.916474 seconds.
  path: Assets/Tree_Textures/Materials
  artifactKey: Guid(66a284eaa70544d438ce5cebe71b9748) Importer(815301076,1909f56bfc062723c751e8b465ee728b)
Start importing Assets/Tree_Textures/Materials using Guid(66a284eaa70544d438ce5cebe71b9748) Importer(815301076,1909f56bfc062723c751e8b465ee728b)  -> (artifact id: '06dde717ed8ec908756edf6ff12faf8e') in 0.003498 seconds 
========================================================================
Received Import Request.
  Time since last request: 0.053483 seconds.
  path: Assets/Tree_Textures/Materials/shadow.mat
  artifactKey: Guid(ec77a4c441ad2cd4db77b30fbec5a315) Importer(815301076,1909f56bfc062723c751e8b465ee728b)
Start importing Assets/Tree_Textures/Materials/shadow.mat using Guid(ec77a4c441ad2cd4db77b30fbec5a315) Importer(815301076,1909f56bfc062723c751e8b465ee728b)  -> (artifact id: '557697b7e877f091dc10e11939f9e532') in 0.014183 seconds 
========================================================================
Received Import Request.
  Time since last request: 88.542662 seconds.
  path: Assets/Barrel/Barrel.fbx
  artifactKey: Guid(82fa7b7c287729a40add651099701bf7) Importer(815301076,1909f56bfc062723c751e8b465ee728b)
Start importing Assets/Barrel/Barrel.fbx using Guid(82fa7b7c287729a40add651099701bf7) Importer(815301076,1909f56bfc062723c751e8b465ee728b)  -> (artifact id: '9efea7d677a7057deb9cbeff7eee7ec5') in 0.159283 seconds 
========================================================================
Received Import Request.
  Time since last request: 0.000041 seconds.
  path: Assets/Barrel/Barrel_D1.tga
  artifactKey: Guid(0aa4112bfd022aa47919f151ba79ddc1) Importer(815301076,1909f56bfc062723c751e8b465ee728b)
Start importing Assets/Barrel/Barrel_D1.tga using Guid(0aa4112bfd022aa47919f151ba79ddc1) Importer(815301076,1909f56bfc062723c751e8b465ee728b)  -> (artifact id: '8f4050ab2c849236ce38d28a47d8a3bf') in 0.020677 seconds 
========================================================================
Received Import Request.
  Time since last request: 231.803603 seconds.
  path: Assets/Darth_Artisan/Free_Trees
  artifactKey: Guid(b7aee0f11d1aa466daa952466d59cae8) Importer(815301076,1909f56bfc062723c751e8b465ee728b)
Start importing Assets/Darth_Artisan/Free_Trees using Guid(b7aee0f11d1aa466daa952466d59cae8) Importer(815301076,1909f56bfc062723c751e8b465ee728b)  -> (artifact id: '276abc18ee99cae21a465ca6bc1da1bc') in 0.003770 seconds 
========================================================================
Received Import Request.
  Time since last request: 2.428158 seconds.
  path: Assets/Darth_Artisan/Free_Trees/Meshes
  artifactKey: Guid(a6ef2755a6b574604ade3c2a47d9d0c3) Importer(815301076,1909f56bfc062723c751e8b465ee728b)
Start importing Assets/Darth_Artisan/Free_Trees/Meshes using Guid(a6ef2755a6b574604ade3c2a47d9d0c3) Importer(815301076,1909f56bfc062723c751e8b465ee728b)  -> (artifact id: '923bc87359df72c01e3f36d2a0ef5f03') in 0.004370 seconds 
========================================================================
Received Import Request.
  Time since last request: 0.031662 seconds.
  path: Assets/Darth_Artisan/Free_Trees/Meshes/Fir_Tree.fbx
  artifactKey: Guid(d7ad634caa1c049d49b730cc6d29c683) Importer(815301076,1909f56bfc062723c751e8b465ee728b)
Start importing Assets/Darth_Artisan/Free_Trees/Meshes/Fir_Tree.fbx using Guid(d7ad634caa1c049d49b730cc6d29c683) Importer(815301076,1909f56bfc062723c751e8b465ee728b)  -> (artifact id: 'bbae1711ecc816b9c602c85cc003e7be') in 0.029176 seconds 
========================================================================
Received Import Request.
  Time since last request: 0.000042 seconds.
  path: Assets/Darth_Artisan/Free_Trees/Meshes/Poplar_Tree.fbx
  artifactKey: Guid(186ad8f063dbf430da4d56ebc0cb14e0) Importer(815301076,1909f56bfc062723c751e8b465ee728b)
Start importing Assets/Darth_Artisan/Free_Trees/Meshes/Poplar_Tree.fbx using Guid(186ad8f063dbf430da4d56ebc0cb14e0) Importer(815301076,1909f56bfc062723c751e8b465ee728b)  -> (artifact id: '0857b9332b70cfb2a8de733039222886') in 0.038213 seconds 
========================================================================
Received Import Request.
  Time since last request: 57.752124 seconds.
  path: Assets/Darth_Artisan/Free_Trees/Meshes/Materials
  artifactKey: Guid(d40899a84663b4ed1885d99c68c31518) Importer(815301076,1909f56bfc062723c751e8b465ee728b)
Start importing Assets/Darth_Artisan/Free_Trees/Meshes/Materials using Guid(d40899a84663b4ed1885d99c68c31518) Importer(815301076,1909f56bfc062723c751e8b465ee728b)  -> (artifact id: '307f1dce87a6240625be85d1b50d3d68') in 0.002942 seconds 
========================================================================
Received Import Request.
  Time since last request: 0.029143 seconds.
  path: Assets/Darth_Artisan/Free_Trees/Meshes/Materials/Free_Tree.mat
  artifactKey: Guid(af65c0942482e46aeb256506726ff0f7) Importer(815301076,1909f56bfc062723c751e8b465ee728b)
Start importing Assets/Darth_Artisan/Free_Trees/Meshes/Materials/Free_Tree.mat using Guid(af65c0942482e46aeb256506726ff0f7) Importer(815301076,1909f56bfc062723c751e8b465ee728b)  -> (artifact id: 'b8ad5386ae4c26ca8dfc0103149f71ca') in 0.019478 seconds 
========================================================================
Received Import Request.
  Time since last request: 293.328401 seconds.
  path: Assets/Darth_Artisan/Free_Trees/Meshes/Materials/Free_Tree.mat
  artifactKey: Guid(af65c0942482e46aeb256506726ff0f7) Importer(815301076,1909f56bfc062723c751e8b465ee728b)
Start importing Assets/Darth_Artisan/Free_Trees/Meshes/Materials/Free_Tree.mat using Guid(af65c0942482e46aeb256506726ff0f7) Importer(815301076,1909f56bfc062723c751e8b465ee728b)  -> (artifact id: 'd5e43ba53c83043b3c51519da88c592e') in 0.024846 seconds 
========================================================================
Received Import Request.
  Time since last request: 8.855267 seconds.
  path: Assets/SimpleSky/ReadMe.txt
  artifactKey: Guid(8948728478b84b14aa4eba204c8c88b7) Importer(815301076,1909f56bfc062723c751e8b465ee728b)
Start importing Assets/SimpleSky/ReadMe.txt using Guid(8948728478b84b14aa4eba204c8c88b7) Importer(815301076,1909f56bfc062723c751e8b465ee728b)  -> (artifact id: 'fabde61ab7d063c604e0298593d79a0e') in 0.013137 seconds 
========================================================================
Received Import Request.
  Time since last request: 7.431626 seconds.
  path: Assets/SimpleSky/_Materials
  artifactKey: Guid(8d4b7523597628f4fb8bdc9ea4828240) Importer(815301076,1909f56bfc062723c751e8b465ee728b)
Start importing Assets/SimpleSky/_Materials using Guid(8d4b7523597628f4fb8bdc9ea4828240) Importer(815301076,1909f56bfc062723c751e8b465ee728b)  -> (artifact id: 'fafc38384b77d098523458316370bee7') in 0.003759 seconds 
========================================================================
Received Import Request.
  Time since last request: 0.627790 seconds.
  path: Assets/SimpleSky/_Models
  artifactKey: Guid(6155ba86fff78af4783f83ed4350e003) Importer(815301076,1909f56bfc062723c751e8b465ee728b)
Start importing Assets/SimpleSky/_Models using Guid(6155ba86fff78af4783f83ed4350e003) Importer(815301076,1909f56bfc062723c751e8b465ee728b)  -> (artifact id: 'b6afdfaea4cd91346be8b74c38cdff4d') in 0.003656 seconds 
========================================================================
Received Import Request.
  Time since last request: 0.214212 seconds.
  path: Assets/SimpleSky/_Models/Cloud_01.fbx
  artifactKey: Guid(d6a294bdf7386d64f8c846e5ac334ffa) Importer(815301076,1909f56bfc062723c751e8b465ee728b)
Start importing Assets/SimpleSky/_Models/Cloud_01.fbx using Guid(d6a294bdf7386d64f8c846e5ac334ffa) Importer(815301076,1909f56bfc062723c751e8b465ee728b)  -> (artifact id: '54a0000673fb34cf5e96f0b5efd8f66d') in 0.027147 seconds 
========================================================================
Received Import Request.
  Time since last request: 0.000034 seconds.
  path: Assets/SimpleSky/_Models/Cloud_03.fbx
  artifactKey: Guid(1b2c48376dafb734ab58d2226e1b7747) Importer(815301076,1909f56bfc062723c751e8b465ee728b)
Start importing Assets/SimpleSky/_Models/Cloud_03.fbx using Guid(1b2c48376dafb734ab58d2226e1b7747) Importer(815301076,1909f56bfc062723c751e8b465ee728b)  -> (artifact id: '51c61e322822ed78d48acffd917fc2a3') in 0.029248 seconds 
========================================================================
Received Import Request.
  Time since last request: 0.000036 seconds.
  path: Assets/SimpleSky/_Models/Cloud_05.fbx
  artifactKey: Guid(5d92abef242cfcc4781ac2ae661d8fe8) Importer(815301076,1909f56bfc062723c751e8b465ee728b)
Start importing Assets/SimpleSky/_Models/Cloud_05.fbx using Guid(5d92abef242cfcc4781ac2ae661d8fe8) Importer(815301076,1909f56bfc062723c751e8b465ee728b)  -> (artifact id: '2ebe26085de76ef74456a8a5e456e765') in 0.021138 seconds 
========================================================================
Received Import Request.
  Time since last request: 0.000037 seconds.
  path: Assets/SimpleSky/_Models/Cloud_06.fbx
  artifactKey: Guid(9eee4a1abc7933341a548cf4c5fa26cb) Importer(815301076,1909f56bfc062723c751e8b465ee728b)
Start importing Assets/SimpleSky/_Models/Cloud_06.fbx using Guid(9eee4a1abc7933341a548cf4c5fa26cb) Importer(815301076,1909f56bfc062723c751e8b465ee728b)  -> (artifact id: '01760ed6fd237f686f46163983d058a2') in 0.027726 seconds 
========================================================================
Received Import Request.
  Time since last request: 1870.309757 seconds.
  path: Assets/TerrainSampleAssets/Materials/Bush.asset
  artifactKey: Guid(a48ad8aadb27f004390383c89862e6f3) Importer(815301076,1909f56bfc062723c751e8b465ee728b)
Start importing Assets/TerrainSampleAssets/Materials/Bush.asset using Guid(a48ad8aadb27f004390383c89862e6f3) Importer(815301076,1909f56bfc062723c751e8b465ee728b)  -> (artifact id: '9d97b7a0633657d072d4ef9fcec39e69') in 0.031513 seconds 
========================================================================
Received Import Request.
  Time since last request: 0.000028 seconds.
  path: Assets/TerrainSampleAssets/Materials/Grass.asset
  artifactKey: Guid(fc123ab8f2eb56945b5849155624e2c0) Importer(815301076,1909f56bfc062723c751e8b465ee728b)
Start importing Assets/TerrainSampleAssets/Materials/Grass.asset using Guid(fc123ab8f2eb56945b5849155624e2c0) Importer(815301076,1909f56bfc062723c751e8b465ee728b)  -> (artifact id: '5fa76813fee3bd886b69231b78e17070') in 0.020553 seconds 
========================================================================
Received Import Request.
  Time since last request: 0.000041 seconds.
  path: Assets/TerrainSampleAssets/Materials/Heather.asset
  artifactKey: Guid(9ef29f7651a5050409fa9822d6d4f941) Importer(815301076,1909f56bfc062723c751e8b465ee728b)
Start importing Assets/TerrainSampleAssets/Materials/Heather.asset using Guid(9ef29f7651a5050409fa9822d6d4f941) Importer(815301076,1909f56bfc062723c751e8b465ee728b)  -> (artifact id: '31ac1419a491d164ca0325c1d7e5b340') in 0.031014 seconds 
========================================================================
Received Import Request.
  Time since last request: 0.000037 seconds.
  path: Assets/TerrainSampleAssets/Materials/Fern.asset
  artifactKey: Guid(405b9ff318b139d478492b258cc6f606) Importer(815301076,1909f56bfc062723c751e8b465ee728b)
Start importing Assets/TerrainSampleAssets/Materials/Fern.asset using Guid(405b9ff318b139d478492b258cc6f606) Importer(815301076,1909f56bfc062723c751e8b465ee728b)  -> (artifact id: '6eae2348c57ab835edb851bdc3fa135a') in 0.021987 seconds 
========================================================================
Received Import Request.
  Time since last request: 8.580461 seconds.
  path: Assets/TerrainSampleAssets/TerrainBrushes/Noise_Soft_Brush.brush
  artifactKey: Guid(cee96a2661edd1040b6f86ac79ab5fc8) Importer(815301076,1909f56bfc062723c751e8b465ee728b)
Start importing Assets/TerrainSampleAssets/TerrainBrushes/Noise_Soft_Brush.brush using Guid(cee96a2661edd1040b6f86ac79ab5fc8) Importer(815301076,1909f56bfc062723c751e8b465ee728b)  -> (artifact id: 'fead3a964e726019a0cee63f8862e268') in 0.024283 seconds 
========================================================================
Received Import Request.
  Time since last request: 0.000026 seconds.
  path: Assets/TerrainSampleAssets/TerrainBrushes/Terrainstamp_Canyon05_Brush.brush
  artifactKey: Guid(ceb297a70ecfb74479647a7e0e433265) Importer(815301076,1909f56bfc062723c751e8b465ee728b)
Start importing Assets/TerrainSampleAssets/TerrainBrushes/Terrainstamp_Canyon05_Brush.brush using Guid(ceb297a70ecfb74479647a7e0e433265) Importer(815301076,1909f56bfc062723c751e8b465ee728b)  -> (artifact id: '2f4a697aee64725c74c08a280bbe60e9') in 0.026344 seconds 
========================================================================
Received Import Request.
  Time since last request: 0.000033 seconds.
  path: Assets/TerrainSampleAssets/TerrainBrushes/Terrainstamp_Ridge02_Brush.brush
  artifactKey: Guid(5203e2a4f3ccc3548bde5beb3ca4bdc2) Importer(815301076,1909f56bfc062723c751e8b465ee728b)
Start importing Assets/TerrainSampleAssets/TerrainBrushes/Terrainstamp_Ridge02_Brush.brush using Guid(5203e2a4f3ccc3548bde5beb3ca4bdc2) Importer(815301076,1909f56bfc062723c751e8b465ee728b)  -> (artifact id: '2052d3222387e4951d90699d0de09979') in 0.022612 seconds 
========================================================================
Received Import Request.
  Time since last request: 0.000037 seconds.
  path: Assets/TerrainSampleAssets/TerrainBrushes/Terrainstamp_Erode01_Brush.brush
  artifactKey: Guid(7ee3d567366c781458dc63f069654dff) Importer(815301076,1909f56bfc062723c751e8b465ee728b)
Start importing Assets/TerrainSampleAssets/TerrainBrushes/Terrainstamp_Erode01_Brush.brush using Guid(7ee3d567366c781458dc63f069654dff) Importer(815301076,1909f56bfc062723c751e8b465ee728b)  -> (artifact id: '05a72cd40035e86be71a92a4d0b536c7') in 0.023146 seconds 
========================================================================
Received Import Request.
  Time since last request: 0.000033 seconds.
  path: Assets/TerrainSampleAssets/TerrainBrushes/Terrainstamp_Island01_Brush.brush
  artifactKey: Guid(52ed55fadd8d2b34cb0f9f08adb04a84) Importer(815301076,1909f56bfc062723c751e8b465ee728b)
Start importing Assets/TerrainSampleAssets/TerrainBrushes/Terrainstamp_Island01_Brush.brush using Guid(52ed55fadd8d2b34cb0f9f08adb04a84) Importer(815301076,1909f56bfc062723c751e8b465ee728b)  -> (artifact id: 'd6548fbc3939392e4ae23cf974b0f712') in 0.015741 seconds 
========================================================================
Received Import Request.
  Time since last request: 0.000032 seconds.
  path: Assets/TerrainSampleAssets/TerrainBrushes/Terrainstamp_Ridge01_Brush.brush
  artifactKey: Guid(776f9b3da89f9394cac9a53aab9a5eb5) Importer(815301076,1909f56bfc062723c751e8b465ee728b)
Start importing Assets/TerrainSampleAssets/TerrainBrushes/Terrainstamp_Ridge01_Brush.brush using Guid(776f9b3da89f9394cac9a53aab9a5eb5) Importer(815301076,1909f56bfc062723c751e8b465ee728b)  -> (artifact id: 'd252ba64ca1de195e84bae103eba03cb') in 0.027515 seconds 
========================================================================
Received Import Request.
  Time since last request: 0.000037 seconds.
  path: Assets/TerrainSampleAssets/TerrainBrushes/Terrainstamp_Crackedground02_Brush.brush
  artifactKey: Guid(61e8c4f14d0453448b7e510f7f96990c) Importer(815301076,1909f56bfc062723c751e8b465ee728b)
Start importing Assets/TerrainSampleAssets/TerrainBrushes/Terrainstamp_Crackedground02_Brush.brush using Guid(61e8c4f14d0453448b7e510f7f96990c) Importer(815301076,1909f56bfc062723c751e8b465ee728b)  -> (artifact id: '8263946a44b9fd663473bb23d7138386') in 0.019153 seconds 
========================================================================
Received Import Request.
  Time since last request: 0.000082 seconds.
  path: Assets/TerrainSampleAssets/TerrainBrushes/Terrainstamp_Crackedground01_Brush.brush
  artifactKey: Guid(a27a2665c8aec334ba8bbba24ee0c827) Importer(815301076,1909f56bfc062723c751e8b465ee728b)
Start importing Assets/TerrainSampleAssets/TerrainBrushes/Terrainstamp_Crackedground01_Brush.brush using Guid(a27a2665c8aec334ba8bbba24ee0c827) Importer(815301076,1909f56bfc062723c751e8b465ee728b)  -> (artifact id: '0c64919dc2ac90d4a4893c97f133883d') in 0.017933 seconds 
========================================================================
Received Import Request.
  Time since last request: 0.000036 seconds.
  path: Assets/TerrainSampleAssets/TerrainBrushes/Terrainstamp_Canyon03_Brush.brush
  artifactKey: Guid(d4e29f095247ea040aabee8a6cb3b010) Importer(815301076,1909f56bfc062723c751e8b465ee728b)
Start importing Assets/TerrainSampleAssets/TerrainBrushes/Terrainstamp_Canyon03_Brush.brush using Guid(d4e29f095247ea040aabee8a6cb3b010) Importer(815301076,1909f56bfc062723c751e8b465ee728b)  -> (artifact id: 'd3d95748846c8e56c475711adfede418') in 0.017133 seconds 
========================================================================
Received Import Request.
  Time since last request: 0.000032 seconds.
  path: Assets/TerrainSampleAssets/TerrainBrushes/Terrainstamp_Slope03_Brush.brush
  artifactKey: Guid(4bbbe659961263d4390b9322f0328fe0) Importer(815301076,1909f56bfc062723c751e8b465ee728b)
Start importing Assets/TerrainSampleAssets/TerrainBrushes/Terrainstamp_Slope03_Brush.brush using Guid(4bbbe659961263d4390b9322f0328fe0) Importer(815301076,1909f56bfc062723c751e8b465ee728b)  -> (artifact id: '05b80259871e9d8b8363ba170b54158b') in 0.020753 seconds 
========================================================================
Received Import Request.
  Time since last request: 0.000032 seconds.
  path: Assets/TerrainSampleAssets/TerrainBrushes/Terrainstamp_Ridge03_Brush.brush
  artifactKey: Guid(7d08355cc5be1584f858af2f22f8bbbb) Importer(815301076,1909f56bfc062723c751e8b465ee728b)
Start importing Assets/TerrainSampleAssets/TerrainBrushes/Terrainstamp_Ridge03_Brush.brush using Guid(7d08355cc5be1584f858af2f22f8bbbb) Importer(815301076,1909f56bfc062723c751e8b465ee728b)  -> (artifact id: '10a97889401a8df18c83ac1a10c3a922') in 0.022750 seconds 
========================================================================
Received Import Request.
  Time since last request: 0.000033 seconds.
  path: Assets/TerrainSampleAssets/TerrainBrushes/Terrainstamp_Mountain11_Brush.brush
  artifactKey: Guid(3a23908d07382b448b4dbd8adef2c4a0) Importer(815301076,1909f56bfc062723c751e8b465ee728b)
Start importing Assets/TerrainSampleAssets/TerrainBrushes/Terrainstamp_Mountain11_Brush.brush using Guid(3a23908d07382b448b4dbd8adef2c4a0) Importer(815301076,1909f56bfc062723c751e8b465ee728b)  -> (artifact id: '099dd4ae69d33e1622c2e1c0ffd3dceb') in 0.022097 seconds 
========================================================================
Received Import Request.
  Time since last request: 0.000033 seconds.
  path: Assets/TerrainSampleAssets/TerrainBrushes/Terrainstamp_Hills01_Brush.brush
  artifactKey: Guid(df5900f192ad71b4c9f0d3b57daadc1e) Importer(815301076,1909f56bfc062723c751e8b465ee728b)
Start importing Assets/TerrainSampleAssets/TerrainBrushes/Terrainstamp_Hills01_Brush.brush using Guid(df5900f192ad71b4c9f0d3b57daadc1e) Importer(815301076,1909f56bfc062723c751e8b465ee728b)  -> (artifact id: '540df340c4c6da19c94ed10865e14a81') in 0.019941 seconds 
========================================================================
Received Import Request.
  Time since last request: 0.000044 seconds.
  path: Assets/TerrainSampleAssets/TerrainBrushes/Terrainstamp_Canyon04_Brush.brush
  artifactKey: Guid(dc670a42db363de40a6e6d9f231404ca) Importer(815301076,1909f56bfc062723c751e8b465ee728b)
Start importing Assets/TerrainSampleAssets/TerrainBrushes/Terrainstamp_Canyon04_Brush.brush using Guid(dc670a42db363de40a6e6d9f231404ca) Importer(815301076,1909f56bfc062723c751e8b465ee728b)  -> (artifact id: '21b7db83dec0b06a38ddfa7eedadefbf') in 0.015215 seconds 
========================================================================
Received Import Request.
  Time since last request: 0.000026 seconds.
  path: Assets/TerrainSampleAssets/TerrainBrushes/Terrainstamp_Mountain02_Brush.brush
  artifactKey: Guid(8569f88df55a4b64b997e64b2aa69432) Importer(815301076,1909f56bfc062723c751e8b465ee728b)
Start importing Assets/TerrainSampleAssets/TerrainBrushes/Terrainstamp_Mountain02_Brush.brush using Guid(8569f88df55a4b64b997e64b2aa69432) Importer(815301076,1909f56bfc062723c751e8b465ee728b)  -> (artifact id: 'ab5c44df21fb06af4046a49174ae951b') in 0.017269 seconds 
========================================================================
Received Import Request.
  Time since last request: 0.000050 seconds.
  path: Assets/TerrainSampleAssets/TerrainBrushes/Terrainstamp_Plateau02_Brush.brush
  artifactKey: Guid(11e6706e84aaff345ac7f2478d9d88a3) Importer(815301076,1909f56bfc062723c751e8b465ee728b)
Start importing Assets/TerrainSampleAssets/TerrainBrushes/Terrainstamp_Plateau02_Brush.brush using Guid(11e6706e84aaff345ac7f2478d9d88a3) Importer(815301076,1909f56bfc062723c751e8b465ee728b)  -> (artifact id: '4338243f3cd95c6094cb55499d41df8c') in 0.016761 seconds 
========================================================================
Received Import Request.
  Time since last request: 0.000069 seconds.
  path: Assets/TerrainSampleAssets/TerrainBrushes/Terrainstamp_Plateau01_Brush.brush
  artifactKey: Guid(bb325d04c0ca0dd4a85a78892caa83fc) Importer(815301076,1909f56bfc062723c751e8b465ee728b)
Start importing Assets/TerrainSampleAssets/TerrainBrushes/Terrainstamp_Plateau01_Brush.brush using Guid(bb325d04c0ca0dd4a85a78892caa83fc) Importer(815301076,1909f56bfc062723c751e8b465ee728b)  -> (artifact id: '3c65e16cc9722150f1f42c49fcfb2553') in 0.016981 seconds 
========================================================================
Received Import Request.
  Time since last request: 0.000054 seconds.
  path: Assets/TerrainSampleAssets/TerrainBrushes/Terrainstamp_Mountain10_Brush.brush
  artifactKey: Guid(a84a003f62212dd48b832a72ba178a49) Importer(815301076,1909f56bfc062723c751e8b465ee728b)
Start importing Assets/TerrainSampleAssets/TerrainBrushes/Terrainstamp_Mountain10_Brush.brush using Guid(a84a003f62212dd48b832a72ba178a49) Importer(815301076,1909f56bfc062723c751e8b465ee728b)  -> (artifact id: '19804c536dfe09eb423cfbc6f03de39e') in 0.021579 seconds 
========================================================================
Received Import Request.
  Time since last request: 0.000043 seconds.
  path: Assets/TerrainSampleAssets/TerrainBrushes/Terrainstamp_Slope02_Brush.brush
  artifactKey: Guid(6e325b7abaea45841a5bcb6c09fde762) Importer(815301076,1909f56bfc062723c751e8b465ee728b)
Start importing Assets/TerrainSampleAssets/TerrainBrushes/Terrainstamp_Slope02_Brush.brush using Guid(6e325b7abaea45841a5bcb6c09fde762) Importer(815301076,1909f56bfc062723c751e8b465ee728b)  -> (artifact id: '7124835db362d3c97c66fa673f96e232') in 0.020270 seconds 
========================================================================
Received Import Request.
  Time since last request: 0.000042 seconds.
  path: Assets/TerrainSampleAssets/TerrainBrushes/Terrainstamp_Mountain06_Brush.brush
  artifactKey: Guid(1f59549ee2c7eab4d833e1b9cd1bb76b) Importer(815301076,1909f56bfc062723c751e8b465ee728b)
Start importing Assets/TerrainSampleAssets/TerrainBrushes/Terrainstamp_Mountain06_Brush.brush using Guid(1f59549ee2c7eab4d833e1b9cd1bb76b) Importer(815301076,1909f56bfc062723c751e8b465ee728b)  -> (artifact id: '51602bb2f2740ed84cf455505864cb72') in 0.016099 seconds 
========================================================================
Received Import Request.
  Time since last request: 0.000039 seconds.
  path: Assets/TerrainSampleAssets/TerrainBrushes/Terrainstamp_Mountain03_Brush.brush
  artifactKey: Guid(f11a285f166a0f6499471bc2b3deaefb) Importer(815301076,1909f56bfc062723c751e8b465ee728b)
Start importing Assets/TerrainSampleAssets/TerrainBrushes/Terrainstamp_Mountain03_Brush.brush using Guid(f11a285f166a0f6499471bc2b3deaefb) Importer(815301076,1909f56bfc062723c751e8b465ee728b)  -> (artifact id: '2b84edee7bc69d9ab6c981d1f5533559') in 0.017120 seconds 
========================================================================
Received Import Request.
  Time since last request: 0.000028 seconds.
  path: Assets/TerrainSampleAssets/TerrainBrushes/Terrainstamp_Hills02_Brush.brush
  artifactKey: Guid(f31e3331ec5f6954e8c6ac51cc3d8c79) Importer(815301076,1909f56bfc062723c751e8b465ee728b)
Start importing Assets/TerrainSampleAssets/TerrainBrushes/Terrainstamp_Hills02_Brush.brush using Guid(f31e3331ec5f6954e8c6ac51cc3d8c79) Importer(815301076,1909f56bfc062723c751e8b465ee728b)  -> (artifact id: 'd26a61968fa6bb8728ee9c2deabedae5') in 0.023955 seconds 
========================================================================
Received Import Request.
  Time since last request: 2.075165 seconds.
  path: Assets/TerrainSampleAssets/TerrainLayers/Black_Sand_TerrainLayer.terrainlayer
  artifactKey: Guid(ce833e94f7f7eea468b012546444cf0c) Importer(815301076,1909f56bfc062723c751e8b465ee728b)
Start importing Assets/TerrainSampleAssets/TerrainLayers/Black_Sand_TerrainLayer.terrainlayer using Guid(ce833e94f7f7eea468b012546444cf0c) Importer(815301076,1909f56bfc062723c751e8b465ee728b)  -> (artifact id: '334c18ada5ce0e04065f40f836cbc945') in 0.035903 seconds 
========================================================================
Received Import Request.
  Time since last request: 0.000034 seconds.
  path: Assets/TerrainSampleAssets/TerrainLayers/Grass_Moss_TerrainLayer.terrainlayer
  artifactKey: Guid(d25c8def728088547ae6a1024dd9b481) Importer(815301076,1909f56bfc062723c751e8b465ee728b)
Start importing Assets/TerrainSampleAssets/TerrainLayers/Grass_Moss_TerrainLayer.terrainlayer using Guid(d25c8def728088547ae6a1024dd9b481) Importer(815301076,1909f56bfc062723c751e8b465ee728b)  -> (artifact id: '20172b548249b21f28f4ceded489c221') in 0.031547 seconds 
========================================================================
Received Import Request.
  Time since last request: 0.000039 seconds.
  path: Assets/TerrainSampleAssets/TerrainLayers/Soil_Rocks_TerrainLayer.terrainlayer
  artifactKey: Guid(73f0b5ac607c28d4696a6dd09a1de66a) Importer(815301076,1909f56bfc062723c751e8b465ee728b)
Start importing Assets/TerrainSampleAssets/TerrainLayers/Soil_Rocks_TerrainLayer.terrainlayer using Guid(73f0b5ac607c28d4696a6dd09a1de66a) Importer(815301076,1909f56bfc062723c751e8b465ee728b)  -> (artifact id: 'a3617729d2a884b08fc3fa03ac8edb4e') in 0.035622 seconds 
========================================================================
Received Import Request.
  Time since last request: 0.000032 seconds.
  path: Assets/TerrainSampleAssets/TerrainLayers/Grass_Soil_TerrainLayer.terrainlayer
  artifactKey: Guid(62f82665abc6fbf4e8f7fa058cbd8d6c) Importer(815301076,1909f56bfc062723c751e8b465ee728b)
Start importing Assets/TerrainSampleAssets/TerrainLayers/Grass_Soil_TerrainLayer.terrainlayer using Guid(62f82665abc6fbf4e8f7fa058cbd8d6c) Importer(815301076,1909f56bfc062723c751e8b465ee728b)  -> (artifact id: 'f35c24afc4e786978446651f50812405') in 0.030549 seconds 
========================================================================
Received Import Request.
  Time since last request: 0.000033 seconds.
  path: Assets/TerrainSampleAssets/TerrainLayers/Grass_Dry_TerrainLayer.terrainlayer
  artifactKey: Guid(0cbb01b61ed524a48a119d81aa262fed) Importer(815301076,1909f56bfc062723c751e8b465ee728b)
Start importing Assets/TerrainSampleAssets/TerrainLayers/Grass_Dry_TerrainLayer.terrainlayer using Guid(0cbb01b61ed524a48a119d81aa262fed) Importer(815301076,1909f56bfc062723c751e8b465ee728b)  -> (artifact id: '9e59fc3dae862d2a382570ce31b42106') in 0.028663 seconds 
========================================================================
Received Import Request.
  Time since last request: 0.000038 seconds.
  path: Assets/TerrainSampleAssets/TerrainLayers/Rock_TerrainLayer.terrainlayer
  artifactKey: Guid(c997c17aa360cb749a27932fe3bdfcce) Importer(815301076,1909f56bfc062723c751e8b465ee728b)
Start importing Assets/TerrainSampleAssets/TerrainLayers/Rock_TerrainLayer.terrainlayer using Guid(c997c17aa360cb749a27932fe3bdfcce) Importer(815301076,1909f56bfc062723c751e8b465ee728b)  -> (artifact id: '4dee487552c3cc8b5c2c8877d924e0c8') in 0.030724 seconds 
========================================================================
Received Import Request.
  Time since last request: 0.000026 seconds.
  path: Assets/TerrainSampleAssets/TerrainLayers/Pebbles_A_TerrainLayer.terrainlayer
  artifactKey: Guid(a4f389caed25e6241b38ba88a286c911) Importer(815301076,1909f56bfc062723c751e8b465ee728b)
Start importing Assets/TerrainSampleAssets/TerrainLayers/Pebbles_A_TerrainLayer.terrainlayer using Guid(a4f389caed25e6241b38ba88a286c911) Importer(815301076,1909f56bfc062723c751e8b465ee728b)  -> (artifact id: '8d9ba797e18451e3283a0b0886794829') in 0.027975 seconds 
========================================================================
Received Import Request.
  Time since last request: 0.000036 seconds.
  path: Assets/TerrainSampleAssets/TerrainLayers/Snow_TerrainLayer.terrainlayer
  artifactKey: Guid(59b98ca43f27d8c4a89d4058d2a962e5) Importer(815301076,1909f56bfc062723c751e8b465ee728b)
Start importing Assets/TerrainSampleAssets/TerrainLayers/Snow_TerrainLayer.terrainlayer using Guid(59b98ca43f27d8c4a89d4058d2a962e5) Importer(815301076,1909f56bfc062723c751e8b465ee728b)  -> (artifact id: '08e65eb22ad44a54d5f9c7accaca8be8') in 0.026038 seconds 
========================================================================
Received Import Request.
  Time since last request: 18.093479 seconds.
  path: Assets/TerrainSampleAssets/Models/Bush_A.asset
  artifactKey: Guid(0c4301a6ce8e5964c8df62a78aca15d1) Importer(815301076,1909f56bfc062723c751e8b465ee728b)
Start importing Assets/TerrainSampleAssets/Models/Bush_A.asset using Guid(0c4301a6ce8e5964c8df62a78aca15d1) Importer(815301076,1909f56bfc062723c751e8b465ee728b)  -> (artifact id: '1cbb6b791cec0721ec772aa6a58ff00a') in 0.016179 seconds 
========================================================================
Received Import Request.
  Time since last request: 0.000026 seconds.
  path: Assets/TerrainSampleAssets/Models/GrassDry_C.asset
  artifactKey: Guid(9a249c33299836d45ae597069d9324e2) Importer(815301076,1909f56bfc062723c751e8b465ee728b)
Start importing Assets/TerrainSampleAssets/Models/GrassDry_C.asset using Guid(9a249c33299836d45ae597069d9324e2) Importer(815301076,1909f56bfc062723c751e8b465ee728b)  -> (artifact id: '6018c9653c7a2d90e12f9b19d8967091') in 0.015913 seconds 
========================================================================
Received Import Request.
  Time since last request: 0.000030 seconds.
  path: Assets/TerrainSampleAssets/Models/Grass_B.asset
  artifactKey: Guid(255522b0d4257624f93e110d4a6135ed) Importer(815301076,1909f56bfc062723c751e8b465ee728b)
Start importing Assets/TerrainSampleAssets/Models/Grass_B.asset using Guid(255522b0d4257624f93e110d4a6135ed) Importer(815301076,1909f56bfc062723c751e8b465ee728b)  -> (artifact id: '86b059846aa4d2c849d7b89abba0401c') in 0.018100 seconds 
========================================================================
Received Import Request.
  Time since last request: 0.000027 seconds.
  path: Assets/TerrainSampleAssets/Models/Heather_A.asset
  artifactKey: Guid(211a44eba6f5ca34ea3d3ac34bbc3469) Importer(815301076,1909f56bfc062723c751e8b465ee728b)
Start importing Assets/TerrainSampleAssets/Models/Heather_A.asset using Guid(211a44eba6f5ca34ea3d3ac34bbc3469) Importer(815301076,1909f56bfc062723c751e8b465ee728b)  -> (artifact id: 'b9b73f48591d16b1f65b74ffe15518f0') in 0.025440 seconds 
========================================================================
Received Import Request.
  Time since last request: 0.000039 seconds.
  path: Assets/TerrainSampleAssets/Models/Plant_C.asset
  artifactKey: Guid(c671cabf34dd5314ca28492ced9c9001) Importer(815301076,1909f56bfc062723c751e8b465ee728b)
Start importing Assets/TerrainSampleAssets/Models/Plant_C.asset using Guid(c671cabf34dd5314ca28492ced9c9001) Importer(815301076,1909f56bfc062723c751e8b465ee728b)  -> (artifact id: 'a4645877e4b14a4384551d0fd5184f8e') in 0.021835 seconds 
========================================================================
Received Import Request.
  Time since last request: 0.000035 seconds.
  path: Assets/TerrainSampleAssets/Models/Plant_B.asset
  artifactKey: Guid(97025d35e5b57294f92451cbaf836c12) Importer(815301076,1909f56bfc062723c751e8b465ee728b)
Start importing Assets/TerrainSampleAssets/Models/Plant_B.asset using Guid(97025d35e5b57294f92451cbaf836c12) Importer(815301076,1909f56bfc062723c751e8b465ee728b)  -> (artifact id: 'bdc1c4800a524601c0a2728dcf68757e') in 0.014642 seconds 
========================================================================
Received Import Request.
  Time since last request: 0.000031 seconds.
  path: Assets/TerrainSampleAssets/Models/Plant_A.asset
  artifactKey: Guid(d427b65f0342fe84fa77dabe420757ee) Importer(815301076,1909f56bfc062723c751e8b465ee728b)
Start importing Assets/TerrainSampleAssets/Models/Plant_A.asset using Guid(d427b65f0342fe84fa77dabe420757ee) Importer(815301076,1909f56bfc062723c751e8b465ee728b)  -> (artifact id: '9eff516fd8d3409f1e0b7a320fef87da') in 0.019063 seconds 
========================================================================
Received Import Request.
  Time since last request: 0.000047 seconds.
  path: Assets/TerrainSampleAssets/Models/Fern_B.asset
  artifactKey: Guid(2f9d2984488477d498e8d5c61756f557) Importer(815301076,1909f56bfc062723c751e8b465ee728b)
Start importing Assets/TerrainSampleAssets/Models/Fern_B.asset using Guid(2f9d2984488477d498e8d5c61756f557) Importer(815301076,1909f56bfc062723c751e8b465ee728b)  -> (artifact id: '48528fb880cc743e42be8472b69ecc3d') in 0.015713 seconds 
========================================================================
Received Import Request.
  Time since last request: 0.000026 seconds.
  path: Assets/TerrainSampleAssets/Models/Grass_A.asset
  artifactKey: Guid(c8542799e804ef04eb35ba93777008a8) Importer(815301076,1909f56bfc062723c751e8b465ee728b)
Start importing Assets/TerrainSampleAssets/Models/Grass_A.asset using Guid(c8542799e804ef04eb35ba93777008a8) Importer(815301076,1909f56bfc062723c751e8b465ee728b)  -> (artifact id: 'd11a5f5c68ab9afe680a2a042e1be80d') in 0.020112 seconds 
========================================================================
Received Import Request.
  Time since last request: 0.000034 seconds.
  path: Assets/TerrainSampleAssets/Models/Grass_C.asset
  artifactKey: Guid(e4775a09ccd762a42b26cb448a2763f0) Importer(815301076,1909f56bfc062723c751e8b465ee728b)
Start importing Assets/TerrainSampleAssets/Models/Grass_C.asset using Guid(e4775a09ccd762a42b26cb448a2763f0) Importer(815301076,1909f56bfc062723c751e8b465ee728b)  -> (artifact id: '61163a616351d3a92a14a1a86076e0a7') in 0.026253 seconds 
========================================================================
Received Import Request.
  Time since last request: 154.972927 seconds.
  path: Assets/TerrainSampleAssets/Textures/Details/Bush_A_BaseColor.tif
  artifactKey: Guid(eb04da16cbc16c9488332336fb11b965) Importer(815301076,1909f56bfc062723c751e8b465ee728b)
Start importing Assets/TerrainSampleAssets/Textures/Details/Bush_A_BaseColor.tif using Guid(eb04da16cbc16c9488332336fb11b965) Importer(815301076,1909f56bfc062723c751e8b465ee728b)  -> (artifact id: '0db736aa266574544350136425be02cb') in 0.034416 seconds 
========================================================================
Received Import Request.
  Time since last request: 0.000032 seconds.
  path: Assets/TerrainSampleAssets/Textures/Details/Grass_A_MaskMap.tif
  artifactKey: Guid(e9a1c1b060b9b2c4989233f1037f9d5d) Importer(815301076,1909f56bfc062723c751e8b465ee728b)
Start importing Assets/TerrainSampleAssets/Textures/Details/Grass_A_MaskMap.tif using Guid(e9a1c1b060b9b2c4989233f1037f9d5d) Importer(815301076,1909f56bfc062723c751e8b465ee728b)  -> (artifact id: '08af6a458337a0093c520a252dcc7215') in 0.017882 seconds 
========================================================================
Received Import Request.
  Time since last request: 0.000034 seconds.
  path: Assets/TerrainSampleAssets/Textures/Details/Grass_C_MaskMap.tif
  artifactKey: Guid(20e5036a7508c01479cdb7338b1c86cc) Importer(815301076,1909f56bfc062723c751e8b465ee728b)
Start importing Assets/TerrainSampleAssets/Textures/Details/Grass_C_MaskMap.tif using Guid(20e5036a7508c01479cdb7338b1c86cc) Importer(815301076,1909f56bfc062723c751e8b465ee728b)  -> (artifact id: '8560f2a286a6d50e23a36b297ab92a78') in 0.018832 seconds 
========================================================================
Received Import Request.
  Time since last request: 0.000036 seconds.
  path: Assets/TerrainSampleAssets/Textures/Details/Grass_C_Thickness.tif
  artifactKey: Guid(5ac60e8e8739b1f4daeb70e1c662df49) Importer(815301076,1909f56bfc062723c751e8b465ee728b)
Start importing Assets/TerrainSampleAssets/Textures/Details/Grass_C_Thickness.tif using Guid(5ac60e8e8739b1f4daeb70e1c662df49) Importer(815301076,1909f56bfc062723c751e8b465ee728b)  -> (artifact id: '72dae28596687cd66b05f0d75f204afe') in 0.017991 seconds 
========================================================================
Received Import Request.
  Time since last request: 0.000031 seconds.
  path: Assets/TerrainSampleAssets/Textures/Details/BushDry_Thickness.tif
  artifactKey: Guid(100a50e8b1d0bc04b95bc2f03cb760db) Importer(815301076,1909f56bfc062723c751e8b465ee728b)
Start importing Assets/TerrainSampleAssets/Textures/Details/BushDry_Thickness.tif using Guid(100a50e8b1d0bc04b95bc2f03cb760db) Importer(815301076,1909f56bfc062723c751e8b465ee728b)  -> (artifact id: '948fa0f6aeb969e8b383c9ebb12fb0ad') in 0.025363 seconds 
========================================================================
Received Import Request.
  Time since last request: 0.000032 seconds.
  path: Assets/TerrainSampleAssets/Textures/Details/Grass_A_BaseColor.tif
  artifactKey: Guid(9bf68c6e5059e7549b60e91ca11987a6) Importer(815301076,1909f56bfc062723c751e8b465ee728b)
Start importing Assets/TerrainSampleAssets/Textures/Details/Grass_A_BaseColor.tif using Guid(9bf68c6e5059e7549b60e91ca11987a6) Importer(815301076,1909f56bfc062723c751e8b465ee728b)  -> (artifact id: '102b7f2f4f86d87d6e9d7677a9baa685') in 0.021557 seconds 
========================================================================
Received Import Request.
  Time since last request: 0.000033 seconds.
  path: Assets/TerrainSampleAssets/Textures/Details/BushDry_MaskMap.tif
  artifactKey: Guid(ba5d550271efae04b84eeb0e550be656) Importer(815301076,1909f56bfc062723c751e8b465ee728b)
Start importing Assets/TerrainSampleAssets/Textures/Details/BushDry_MaskMap.tif using Guid(ba5d550271efae04b84eeb0e550be656) Importer(815301076,1909f56bfc062723c751e8b465ee728b)  -> (artifact id: 'a032d67d743260da0a78b029a7f116e7') in 0.016503 seconds 
========================================================================
Received Import Request.
  Time since last request: 0.000038 seconds.
  path: Assets/TerrainSampleAssets/Textures/Details/Fern_MaskMap.tif
  artifactKey: Guid(d5a7b708862dd0a449b4bccbefdd2335) Importer(815301076,1909f56bfc062723c751e8b465ee728b)
Start importing Assets/TerrainSampleAssets/Textures/Details/Fern_MaskMap.tif using Guid(d5a7b708862dd0a449b4bccbefdd2335) Importer(815301076,1909f56bfc062723c751e8b465ee728b)  -> (artifact id: '8d848231424cd54ca2e774a33b6b1464') in 0.018858 seconds 
========================================================================
Received Import Request.
  Time since last request: 0.000042 seconds.
  path: Assets/TerrainSampleAssets/Textures/Details/Heather_A_Normal.tif
  artifactKey: Guid(b5680c218e8592f489953c2723e3aac4) Importer(815301076,1909f56bfc062723c751e8b465ee728b)
Start importing Assets/TerrainSampleAssets/Textures/Details/Heather_A_Normal.tif using Guid(b5680c218e8592f489953c2723e3aac4) Importer(815301076,1909f56bfc062723c751e8b465ee728b)  -> (artifact id: '705cbb83d0866dd6fcce8c4b00b674d6') in 0.025146 seconds 
========================================================================
Received Import Request.
  Time since last request: 0.000033 seconds.
  path: Assets/TerrainSampleAssets/Textures/Details/Plant_MaskMap.tif
  artifactKey: Guid(58f96e5085ad49449a678cbc76949e47) Importer(815301076,1909f56bfc062723c751e8b465ee728b)
Start importing Assets/TerrainSampleAssets/Textures/Details/Plant_MaskMap.tif using Guid(58f96e5085ad49449a678cbc76949e47) Importer(815301076,1909f56bfc062723c751e8b465ee728b)  -> (artifact id: '7700ffa0cf1579edad8879a1ce9fbedd') in 0.023472 seconds 
========================================================================
Received Import Request.
  Time since last request: 0.000031 seconds.
  path: Assets/TerrainSampleAssets/Textures/Details/Plant_Thickness.tif
  artifactKey: Guid(eb0c8b2f7b0da9944ae8e4156f2ec349) Importer(815301076,1909f56bfc062723c751e8b465ee728b)
Start importing Assets/TerrainSampleAssets/Textures/Details/Plant_Thickness.tif using Guid(eb0c8b2f7b0da9944ae8e4156f2ec349) Importer(815301076,1909f56bfc062723c751e8b465ee728b)  -> (artifact id: 'f4f998b48f4b56eb5ccef9b2f8595159') in 0.018999 seconds 
========================================================================
Received Import Request.
  Time since last request: 0.000028 seconds.
  path: Assets/TerrainSampleAssets/Textures/Details/Fern_Normal.tif
  artifactKey: Guid(8cb2914aba3e5d545bb189195869f9f4) Importer(815301076,1909f56bfc062723c751e8b465ee728b)
Start importing Assets/TerrainSampleAssets/Textures/Details/Fern_Normal.tif using Guid(8cb2914aba3e5d545bb189195869f9f4) Importer(815301076,1909f56bfc062723c751e8b465ee728b)  -> (artifact id: '7de2a46efb02fb9e8a344625e52af3ce') in 0.020294 seconds 
========================================================================
Received Import Request.
  Time since last request: 0.000029 seconds.
  path: Assets/TerrainSampleAssets/Textures/Details/BushDry_Normal.tif
  artifactKey: Guid(03fe3ff010bcfb3418536e2f7896257b) Importer(815301076,1909f56bfc062723c751e8b465ee728b)
Start importing Assets/TerrainSampleAssets/Textures/Details/BushDry_Normal.tif using Guid(03fe3ff010bcfb3418536e2f7896257b) Importer(815301076,1909f56bfc062723c751e8b465ee728b)  -> (artifact id: 'fd902ddf032e31862640e9d9f6d39733') in 0.019800 seconds 
========================================================================
Received Import Request.
  Time since last request: 0.000025 seconds.
  path: Assets/TerrainSampleAssets/Textures/Details/Grass_A_Normal.tif
  artifactKey: Guid(9a1568052101f2f48ba76e7342adc3f3) Importer(815301076,1909f56bfc062723c751e8b465ee728b)
Start importing Assets/TerrainSampleAssets/Textures/Details/Grass_A_Normal.tif using Guid(9a1568052101f2f48ba76e7342adc3f3) Importer(815301076,1909f56bfc062723c751e8b465ee728b)  -> (artifact id: '6f7e01be5ccb18485e41662600694ef0') in 0.024615 seconds 
========================================================================
Received Import Request.
  Time since last request: 0.000031 seconds.
  path: Assets/TerrainSampleAssets/Textures/Details/Fern_Thickness.tif
  artifactKey: Guid(daa49585c030643489dad5c6e4680dca) Importer(815301076,1909f56bfc062723c751e8b465ee728b)
Start importing Assets/TerrainSampleAssets/Textures/Details/Fern_Thickness.tif using Guid(daa49585c030643489dad5c6e4680dca) Importer(815301076,1909f56bfc062723c751e8b465ee728b)  -> (artifact id: '120446bd39ead0d4fac0b15080fc14cb') in 0.015278 seconds 
========================================================================
Received Import Request.
  Time since last request: 49.301294 seconds.
  path: Assets/TerrainSampleAssets/Textures/Details/Materials
  artifactKey: Guid(3f4a8bee7a61d564ba933e194304aea7) Importer(815301076,1909f56bfc062723c751e8b465ee728b)
Start importing Assets/TerrainSampleAssets/Textures/Details/Materials using Guid(3f4a8bee7a61d564ba933e194304aea7) Importer(815301076,1909f56bfc062723c751e8b465ee728b)  -> (artifact id: '0195c039a6b125556a96ebb0876496b0') in 0.002907 seconds 
========================================================================
Received Import Request.
  Time since last request: 0.065934 seconds.
  path: Assets/TerrainSampleAssets/Textures/Details/Materials/Bush_A_BaseColor.mat
  artifactKey: Guid(4fd69505f8ae4c540a9ab13498b99996) Importer(815301076,1909f56bfc062723c751e8b465ee728b)
Start importing Assets/TerrainSampleAssets/Textures/Details/Materials/Bush_A_BaseColor.mat using Guid(4fd69505f8ae4c540a9ab13498b99996) Importer(815301076,1909f56bfc062723c751e8b465ee728b)  -> (artifact id: 'db134b273243bddbb80219a45ec28c34') in 0.024634 seconds 
========================================================================
Received Import Request.
  Time since last request: 0.000034 seconds.
  path: Assets/TerrainSampleAssets/Textures/Details/Materials/Heather_A_Normal.mat
  artifactKey: Guid(246494b9427a010438863a92b33e6f61) Importer(815301076,1909f56bfc062723c751e8b465ee728b)
Start importing Assets/TerrainSampleAssets/Textures/Details/Materials/Heather_A_Normal.mat using Guid(246494b9427a010438863a92b33e6f61) Importer(815301076,1909f56bfc062723c751e8b465ee728b)  -> (artifact id: 'f340cfbe7e26c3f7937ccb3ada5d0088') in 0.020359 seconds 
========================================================================
Received Import Request.
  Time since last request: 0.000054 seconds.
  path: Assets/TerrainSampleAssets/Textures/Details/Materials/Bush_A_Normal.mat
  artifactKey: Guid(ae0bb742eb202194494f211faaaf32c7) Importer(815301076,1909f56bfc062723c751e8b465ee728b)
Start importing Assets/TerrainSampleAssets/Textures/Details/Materials/Bush_A_Normal.mat using Guid(ae0bb742eb202194494f211faaaf32c7) Importer(815301076,1909f56bfc062723c751e8b465ee728b)  -> (artifact id: 'c146eaccde352c5b8a87f761798a2473') in 0.019531 seconds 
========================================================================
Received Import Request.
  Time since last request: 69.542446 seconds.
  path: Assets/TerrainSampleAssets/Textures/Terrain/Heather_BaseColor.tif
  artifactKey: Guid(87735acf16005914dba9087627517773) Importer(815301076,1909f56bfc062723c751e8b465ee728b)
Start importing Assets/TerrainSampleAssets/Textures/Terrain/Heather_BaseColor.tif using Guid(87735acf16005914dba9087627517773) Importer(815301076,1909f56bfc062723c751e8b465ee728b)  -> (artifact id: '1a85f9d3a9123026905f0db2e4457f4a') in 0.019325 seconds 
========================================================================
Received Import Request.
  Time since last request: 0.000039 seconds.
  path: Assets/TerrainSampleAssets/Textures/Terrain/Heather_MaskMap.tif
  artifactKey: Guid(240efe9002d9e7a44b9f2a592f357102) Importer(815301076,1909f56bfc062723c751e8b465ee728b)
Start importing Assets/TerrainSampleAssets/Textures/Terrain/Heather_MaskMap.tif using Guid(240efe9002d9e7a44b9f2a592f357102) Importer(815301076,1909f56bfc062723c751e8b465ee728b)  -> (artifact id: '9e7c219b0d7e49c0ed8ed40f3179a8fc') in 0.018967 seconds 
========================================================================
Received Import Request.
  Time since last request: 9.724090 seconds.
  path: Assets/TerrainSampleAssets/Textures/Terrain/Black_Sand_BaseColor.tif
  artifactKey: Guid(0b59c495bf285c442b1b799c94a9f8aa) Importer(815301076,1909f56bfc062723c751e8b465ee728b)
Start importing Assets/TerrainSampleAssets/Textures/Terrain/Black_Sand_BaseColor.tif using Guid(0b59c495bf285c442b1b799c94a9f8aa) Importer(815301076,1909f56bfc062723c751e8b465ee728b)  -> (artifact id: '84bfa642a8830130df5fe56eafb12019') in 0.024387 seconds 
========================================================================
Received Import Request.
  Time since last request: 0.000023 seconds.
  path: Assets/TerrainSampleAssets/Textures/Terrain/Grass_A_Normal.tif
  artifactKey: Guid(a8a2fc863627f464e838ba616a1d5789) Importer(815301076,1909f56bfc062723c751e8b465ee728b)
Start importing Assets/TerrainSampleAssets/Textures/Terrain/Grass_A_Normal.tif using Guid(a8a2fc863627f464e838ba616a1d5789) Importer(815301076,1909f56bfc062723c751e8b465ee728b)  -> (artifact id: '41ce4e86b50e64e9e80d258c674853d0') in 0.023847 seconds 
========================================================================
Received Import Request.
  Time since last request: 0.000027 seconds.
  path: Assets/TerrainSampleAssets/Textures/Terrain/Pebbles_B_Normal.tif
  artifactKey: Guid(abaa3d4f433df074389559003412235d) Importer(815301076,1909f56bfc062723c751e8b465ee728b)
Start importing Assets/TerrainSampleAssets/Textures/Terrain/Pebbles_B_Normal.tif using Guid(abaa3d4f433df074389559003412235d) Importer(815301076,1909f56bfc062723c751e8b465ee728b)  -> (artifact id: 'b3abde8070a5efada58bbff242327990') in 0.024901 seconds 
========================================================================
Received Import Request.
  Time since last request: 0.000034 seconds.
  path: Assets/TerrainSampleAssets/Textures/Terrain/Pebbles_A_MaskMap.tif
  artifactKey: Guid(8abd4e7f6f86e8b4cb4820fea28b8f34) Importer(815301076,1909f56bfc062723c751e8b465ee728b)
Start importing Assets/TerrainSampleAssets/Textures/Terrain/Pebbles_A_MaskMap.tif using Guid(8abd4e7f6f86e8b4cb4820fea28b8f34) Importer(815301076,1909f56bfc062723c751e8b465ee728b)  -> (artifact id: '4772567086ad60b78ce95c33f2425cbe') in 0.023477 seconds 
========================================================================
Received Import Request.
  Time since last request: 0.000040 seconds.
  path: Assets/TerrainSampleAssets/Textures/Terrain/Grass_Dry_Normal.tif
  artifactKey: Guid(d835c61db4c94444eabef9cf95e8a7c4) Importer(815301076,1909f56bfc062723c751e8b465ee728b)
Start importing Assets/TerrainSampleAssets/Textures/Terrain/Grass_Dry_Normal.tif using Guid(d835c61db4c94444eabef9cf95e8a7c4) Importer(815301076,1909f56bfc062723c751e8b465ee728b)  -> (artifact id: '6d4824d9b08157a27e412599ef205f65') in 0.019913 seconds 
========================================================================
Received Import Request.
  Time since last request: 0.000031 seconds.
  path: Assets/TerrainSampleAssets/Textures/Terrain/Pebbles_C_Normal.tif
  artifactKey: Guid(297a3ddfc901318499e15b3a0c8ec74d) Importer(815301076,1909f56bfc062723c751e8b465ee728b)
Start importing Assets/TerrainSampleAssets/Textures/Terrain/Pebbles_C_Normal.tif using Guid(297a3ddfc901318499e15b3a0c8ec74d) Importer(815301076,1909f56bfc062723c751e8b465ee728b)  -> (artifact id: '4b50054e3b9be3cb0c41657458aa00a1') in 0.020720 seconds 
========================================================================
Received Import Request.
  Time since last request: 0.000027 seconds.
  path: Assets/TerrainSampleAssets/Textures/Terrain/Soil_Rocks_Normal.tif
  artifactKey: Guid(773f0cf0efc85a14a9f70e559642746f) Importer(815301076,1909f56bfc062723c751e8b465ee728b)
Start importing Assets/TerrainSampleAssets/Textures/Terrain/Soil_Rocks_Normal.tif using Guid(773f0cf0efc85a14a9f70e559642746f) Importer(815301076,1909f56bfc062723c751e8b465ee728b)  -> (artifact id: 'fe5951e0cb27fa1f24d405904695313a') in 0.025504 seconds 
========================================================================
Received Import Request.
  Time since last request: 0.000034 seconds.
  path: Assets/TerrainSampleAssets/Textures/Terrain/Rock_BaseColor.tif
  artifactKey: Guid(7e35234e281d141418972228ee38415e) Importer(815301076,1909f56bfc062723c751e8b465ee728b)
Start importing Assets/TerrainSampleAssets/Textures/Terrain/Rock_BaseColor.tif using Guid(7e35234e281d141418972228ee38415e) Importer(815301076,1909f56bfc062723c751e8b465ee728b)  -> (artifact id: 'd5cbe9786b3dbe4b5e5212e6a8c9b688') in 0.019446 seconds 
========================================================================
Received Import Request.
  Time since last request: 0.000026 seconds.
  path: Assets/TerrainSampleAssets/Textures/Terrain/Soil_Rocks_BaseColor.tif
  artifactKey: Guid(e257fa53a087b404d8579225e1c7cddb) Importer(815301076,1909f56bfc062723c751e8b465ee728b)
Start importing Assets/TerrainSampleAssets/Textures/Terrain/Soil_Rocks_BaseColor.tif using Guid(e257fa53a087b404d8579225e1c7cddb) Importer(815301076,1909f56bfc062723c751e8b465ee728b)  -> (artifact id: '5433594d42774c4bfae30ae27b61f210') in 0.018489 seconds 
========================================================================
Received Import Request.
  Time since last request: 0.000029 seconds.
  path: Assets/TerrainSampleAssets/Textures/Terrain/Grass_Dry_BaseColor.tif
  artifactKey: Guid(7e6fff2112f33d748962082012d11cce) Importer(815301076,1909f56bfc062723c751e8b465ee728b)
Start importing Assets/TerrainSampleAssets/Textures/Terrain/Grass_Dry_BaseColor.tif using Guid(7e6fff2112f33d748962082012d11cce) Importer(815301076,1909f56bfc062723c751e8b465ee728b)  -> (artifact id: '4d289e33a33924f459dad127e9ed0d13') in 0.019852 seconds 
========================================================================
Received Import Request.
  Time since last request: 0.000029 seconds.
  path: Assets/TerrainSampleAssets/Textures/Terrain/Grass_Moss_Normal.tif
  artifactKey: Guid(2114e87dbc5872042860b1588217688e) Importer(815301076,1909f56bfc062723c751e8b465ee728b)
Start importing Assets/TerrainSampleAssets/Textures/Terrain/Grass_Moss_Normal.tif using Guid(2114e87dbc5872042860b1588217688e) Importer(815301076,1909f56bfc062723c751e8b465ee728b)  -> (artifact id: 'ed85c6aa405af36662b870354695f06f') in 0.026424 seconds 
========================================================================
Received Import Request.
  Time since last request: 0.000030 seconds.
  path: Assets/TerrainSampleAssets/Textures/Terrain/Rock_Normal.tif
  artifactKey: Guid(d39a1b9e5d5c7b9499f579fa5c70a2a3) Importer(815301076,1909f56bfc062723c751e8b465ee728b)
Start importing Assets/TerrainSampleAssets/Textures/Terrain/Rock_Normal.tif using Guid(d39a1b9e5d5c7b9499f579fa5c70a2a3) Importer(815301076,1909f56bfc062723c751e8b465ee728b)  -> (artifact id: '070b64cf2a9fd8100b58a4012f24490d') in 0.023359 seconds 
========================================================================
Received Import Request.
  Time since last request: 0.000039 seconds.
  path: Assets/TerrainSampleAssets/Textures/Terrain/Grass_Soil_MaskMap.tif
  artifactKey: Guid(61a6ad6be0be2b444addf88107c0fda2) Importer(815301076,1909f56bfc062723c751e8b465ee728b)
Start importing Assets/TerrainSampleAssets/Textures/Terrain/Grass_Soil_MaskMap.tif using Guid(61a6ad6be0be2b444addf88107c0fda2) Importer(815301076,1909f56bfc062723c751e8b465ee728b)  -> (artifact id: '71fa593bdeb2b8003057f6103b622835') in 0.020958 seconds 
========================================================================
Received Import Request.
  Time since last request: 0.000058 seconds.
  path: Assets/TerrainSampleAssets/Textures/Terrain/Rock_MaskMap.tif
  artifactKey: Guid(30b51375156b10e4780537d5793a26c9) Importer(815301076,1909f56bfc062723c751e8b465ee728b)
Start importing Assets/TerrainSampleAssets/Textures/Terrain/Rock_MaskMap.tif using Guid(30b51375156b10e4780537d5793a26c9) Importer(815301076,1909f56bfc062723c751e8b465ee728b)  -> (artifact id: '87342220cf7fbf3fef62ec46b3cda351') in 0.019601 seconds 
========================================================================
Received Import Request.
  Time since last request: 0.000028 seconds.
  path: Assets/TerrainSampleAssets/Textures/Terrain/Grass_Moss_MaskMap.tif
  artifactKey: Guid(2d41276a33f8bc949b93fed615e212c4) Importer(815301076,1909f56bfc062723c751e8b465ee728b)
Start importing Assets/TerrainSampleAssets/Textures/Terrain/Grass_Moss_MaskMap.tif using Guid(2d41276a33f8bc949b93fed615e212c4) Importer(815301076,1909f56bfc062723c751e8b465ee728b)  -> (artifact id: '3d0eba6696a2db611a874fb97ad86cd6') in 0.019150 seconds 
========================================================================
Received Import Request.
  Time since last request: 0.000030 seconds.
  path: Assets/TerrainSampleAssets/Textures/Terrain/Snow_Normal.tif
  artifactKey: Guid(baca4d94b1d1d8046ab52ce1570a24c7) Importer(815301076,1909f56bfc062723c751e8b465ee728b)
Start importing Assets/TerrainSampleAssets/Textures/Terrain/Snow_Normal.tif using Guid(baca4d94b1d1d8046ab52ce1570a24c7) Importer(815301076,1909f56bfc062723c751e8b465ee728b)  -> (artifact id: '1aa0e886529347d07c3685806fa8ce89') in 0.021448 seconds 
========================================================================
Received Import Request.
  Time since last request: 0.000046 seconds.
  path: Assets/TerrainSampleAssets/Textures/Terrain/Grass_B_MaskMap.tif
  artifactKey: Guid(0f48eac8617d0de4cbc056e1734e798b) Importer(815301076,1909f56bfc062723c751e8b465ee728b)
Start importing Assets/TerrainSampleAssets/Textures/Terrain/Grass_B_MaskMap.tif using Guid(0f48eac8617d0de4cbc056e1734e798b) Importer(815301076,1909f56bfc062723c751e8b465ee728b)  -> (artifact id: '4637f5ee8ded1d7002bbb65d45047eab') in 0.018960 seconds 
========================================================================
Received Import Request.
  Time since last request: 0.000030 seconds.
  path: Assets/TerrainSampleAssets/Textures/Terrain/Sand_Normal.tif
  artifactKey: Guid(83f03b3c2b2d5df40898d8c2123239ae) Importer(815301076,1909f56bfc062723c751e8b465ee728b)
Start importing Assets/TerrainSampleAssets/Textures/Terrain/Sand_Normal.tif using Guid(83f03b3c2b2d5df40898d8c2123239ae) Importer(815301076,1909f56bfc062723c751e8b465ee728b)  -> (artifact id: '598fbb09675f61dad53c41a4de2e4660') in 0.022286 seconds 
========================================================================
Received Import Request.
  Time since last request: 0.000035 seconds.
  path: Assets/TerrainSampleAssets/Textures/Terrain/Soil_Rocks_MaskMap.tif
  artifactKey: Guid(b1c590e575d73224eb6773fd8c1cbb64) Importer(815301076,1909f56bfc062723c751e8b465ee728b)
Start importing Assets/TerrainSampleAssets/Textures/Terrain/Soil_Rocks_MaskMap.tif using Guid(b1c590e575d73224eb6773fd8c1cbb64) Importer(815301076,1909f56bfc062723c751e8b465ee728b)  -> (artifact id: 'e4a1f54703e9db726997b22e57ccbbd6') in 0.019116 seconds 
========================================================================
Received Import Request.
  Time since last request: 0.000030 seconds.
  path: Assets/TerrainSampleAssets/Textures/Terrain/Snow_MaskMap.tif
  artifactKey: Guid(5d46f74cdeedd7941ba8cd7cb7ebb40c) Importer(815301076,1909f56bfc062723c751e8b465ee728b)
Start importing Assets/TerrainSampleAssets/Textures/Terrain/Snow_MaskMap.tif using Guid(5d46f74cdeedd7941ba8cd7cb7ebb40c) Importer(815301076,1909f56bfc062723c751e8b465ee728b)  -> (artifact id: '58b3cda85a9ccfb88955ed0e9943ac8e') in 0.017575 seconds 
========================================================================
Received Import Request.
  Time since last request: 0.000039 seconds.
  path: Assets/TerrainSampleAssets/Textures/Terrain/Pebbles_C_MaskMap.tif
  artifactKey: Guid(37bf2efdabb269f4b891344af9233d9e) Importer(815301076,1909f56bfc062723c751e8b465ee728b)
Start importing Assets/TerrainSampleAssets/Textures/Terrain/Pebbles_C_MaskMap.tif using Guid(37bf2efdabb269f4b891344af9233d9e) Importer(815301076,1909f56bfc062723c751e8b465ee728b)  -> (artifact id: 'fb9161b4b05d227b978c8d0c0cd9485e') in 0.020820 seconds 
========================================================================
Received Import Request.
  Time since last request: 0.000038 seconds.
  path: Assets/TerrainSampleAssets/Textures/Terrain/Grass_A_MaskMap.tif
  artifactKey: Guid(bd4c61d030690814097a2076498d1c75) Importer(815301076,1909f56bfc062723c751e8b465ee728b)
Start importing Assets/TerrainSampleAssets/Textures/Terrain/Grass_A_MaskMap.tif using Guid(bd4c61d030690814097a2076498d1c75) Importer(815301076,1909f56bfc062723c751e8b465ee728b)  -> (artifact id: '8d4199ccc40bfa815ab510202afe5143') in 0.018475 seconds 
========================================================================
Received Import Request.
  Time since last request: 28.376988 seconds.
  path: Assets/TerrainSampleAssets
  artifactKey: Guid(3f32944294adf4449a53b8e5857004a8) Importer(815301076,1909f56bfc062723c751e8b465ee728b)
Start importing Assets/TerrainSampleAssets using Guid(3f32944294adf4449a53b8e5857004a8) Importer(815301076,1909f56bfc062723c751e8b465ee728b)  -> (artifact id: '92d7ce98131a9037442d6e38a1142353') in 0.003750 seconds 
========================================================================
Received Import Request.
  Time since last request: 2.035017 seconds.
  path: Assets/TerrainSampleAssets/TerrainLayers
  artifactKey: Guid(ed20753031b819c4395a80066949f767) Importer(815301076,1909f56bfc062723c751e8b465ee728b)
Start importing Assets/TerrainSampleAssets/TerrainLayers using Guid(ed20753031b819c4395a80066949f767) Importer(815301076,1909f56bfc062723c751e8b465ee728b)  -> (artifact id: '65617f5a013af8f94a32b157f8ea76c2') in 0.004632 seconds 
